2020/04/07 01:08:11 [info] 52213: 监听80端口成功!
2020/04/07 01:08:11 [info] 52213: 监听443端口成功!
2020/04/07 01:08:11 [notice] 52214: master process ./nginx 52214 启动并开始运行......!
2020/04/07 01:08:12 [notice] 52215: worker process 52215 启动并开始运行......!
2020/04/07 01:08:32 [stderr] 52215: nginx: 执行开始---begin,tid=i!
2020/04/07 01:08:37 [stderr] 52215: nginx: 执行结束---end,tid=i!
2020/04/07 01:08:53 [stderr] 52215: nginx: 执行开始---begin,tid=i!
2020/04/07 01:08:55 [stderr] 52215: nginx: CThreadPool::Call()中发现线程池中当前空闲线程数量为0，要考虑扩容线程池了!
2020/04/07 01:08:58 [stderr] 52215: nginx: 执行结束---end,tid=i!
2020/04/07 01:08:58 [stderr] 52215: nginx: 执行开始---begin,tid=i!
2020/04/07 01:09:03 [stderr] 52215: nginx: 执行结束---end,tid=i!
2020/04/07 01:09:03 [stderr] 52215: nginx: 执行开始---begin,tid=i!
2020/04/07 01:09:08 [stderr] 52215: nginx: 执行结束---end,tid=i!
2020/04/07 01:09:18 [stderr] 52215: nginx: 111111111111111111111111111111. (104: Connection reset by peer) 
2020/04/07 01:25:45 [info] 52337: 监听80端口成功!
2020/04/07 01:25:45 [info] 52337: 监听443端口成功!
2020/04/07 01:25:45 [notice] 52338: master process ./nginx 52338 启动并开始运行......!
2020/04/07 01:25:46 [notice] 52339: worker process 52339 启动并开始运行......!
2020/04/07 01:26:05 [stderr] 52339: nginx: 执行开始---begin,tid=140648664033024!
2020/04/07 01:26:10 [stderr] 52339: nginx: 执行结束---end,tid=140648664033024!
2020/04/07 01:26:12 [stderr] 52339: nginx: 执行开始---begin,tid=140648664033024!
2020/04/07 01:26:14 [stderr] 52339: nginx: CThreadPool::Call()中发现线程池中当前空闲线程数量为0，要考虑扩容线程池了!
2020/04/07 01:26:17 [stderr] 52339: nginx: 执行结束---end,tid=140648664033024!
2020/04/07 01:26:17 [stderr] 52339: nginx: 执行开始---begin,tid=140648664033024!
2020/04/07 01:26:22 [stderr] 52339: nginx: 执行结束---end,tid=140648664033024!
2020/04/07 01:26:22 [stderr] 52339: nginx: 执行开始---begin,tid=140648664033024!
2020/04/07 01:26:27 [stderr] 52339: nginx: 执行结束---end,tid=140648664033024!
2020/04/07 01:26:27 [stderr] 52339: nginx: 执行开始---begin,tid=140648664033024!
2020/04/07 01:26:32 [stderr] 52339: nginx: 执行结束---end,tid=140648664033024!
2020/04/07 01:26:32 [stderr] 52339: nginx: 执行开始---begin,tid=140648664033024!
2020/04/07 01:26:37 [stderr] 52339: nginx: 执行结束---end,tid=140648664033024!
2020/04/07 01:27:45 [stderr] 52339: nginx: 111111111111111111111111111111. (104: Connection reset by peer) 
2020/04/07 01:30:45 [info] 52375: 监听80端口成功!
2020/04/07 01:30:45 [info] 52375: 监听443端口成功!
2020/04/07 01:30:45 [notice] 52376: master process ./nginx 52376 启动并开始运行......!
2020/04/07 01:30:46 [notice] 52377: worker process 52377 启动并开始运行......!
2020/04/07 01:33:37 [stderr] 52377: nginx: 执行开始---begin,tid=139674981922560!
2020/04/07 01:33:42 [stderr] 52377: nginx: 执行结束---end,tid=139674981922560!
2020/04/07 01:33:42 [stderr] 52377: nginx: 执行开始---begin,tid=139674981922560!
2020/04/07 01:33:47 [stderr] 52377: nginx: 执行结束---end,tid=139674981922560!
2020/04/07 01:34:02 [stderr] 52377: nginx: 111111111111111111111111111111. (104: Connection reset by peer) 
2020/04/07 01:35:14 [info] 52413: 监听80端口成功!
2020/04/07 01:35:14 [info] 52413: 监听443端口成功!
2020/04/07 01:35:14 [notice] 52414: master process ./nginx 52414 启动并开始运行......!
2020/04/07 01:35:15 [notice] 52415: worker process 52415 启动并开始运行......!
2020/04/07 01:35:33 [stderr] 52415: nginx: 执行开始---begin,tid=140017797486336!
2020/04/07 01:35:33 [stderr] 52415: nginx: 执行开始---begin,tid=140017805879040!
2020/04/07 01:35:38 [stderr] 52415: nginx: 执行结束---end,tid=140017797486336!
2020/04/07 01:35:38 [stderr] 52415: nginx: 执行结束---end,tid=140017805879040!
2020/04/07 01:35:40 [stderr] 52415: nginx: 执行开始---begin,tid=140017797486336!
2020/04/07 01:35:40 [stderr] 52415: nginx: 执行开始---begin,tid=140017805879040!
2020/04/07 01:35:41 [stderr] 52415: nginx: CThreadPool::Call()中发现线程池中当前空闲线程数量为0，要考虑扩容线程池了!
2020/04/07 01:35:45 [stderr] 52415: nginx: 执行结束---end,tid=140017797486336!
2020/04/07 01:35:45 [stderr] 52415: nginx: 执行结束---end,tid=140017805879040!
2020/04/07 01:35:45 [stderr] 52415: nginx: 执行开始---begin,tid=140017805879040!
2020/04/07 01:35:45 [stderr] 52415: nginx: 执行开始---begin,tid=140017797486336!
2020/04/07 01:35:50 [stderr] 52415: nginx: 执行结束---end,tid=140017805879040!
2020/04/07 01:35:50 [stderr] 52415: nginx: 执行结束---end,tid=140017797486336!
2020/04/07 01:35:50 [stderr] 52415: nginx: 执行开始---begin,tid=140017805879040!
2020/04/07 01:35:50 [stderr] 52415: nginx: 执行开始---begin,tid=140017797486336!
2020/04/07 01:35:55 [stderr] 52415: nginx: 执行结束---end,tid=140017805879040!
2020/04/07 01:35:55 [stderr] 52415: nginx: 执行结束---end,tid=140017797486336!
2020/04/07 01:36:38 [stderr] 52415: nginx: 111111111111111111111111111111. (104: Connection reset by peer) 
